<?xml version="1.0" encoding="UTF-8"?>
<coverage generated="1671706008729" clover="3.2.0">
  <project timestamp="1671706008729" name="All files">
    <metrics statements="29" coveredstatements="29" conditionals="8" coveredconditionals="8" methods="10" coveredmethods="10" elements="47" coveredelements="47" complexity="0" loc="29" ncloc="29" packages="2" files="3" classes="3"/>
    <package name="src.utils">
      <metrics statements="26" coveredstatements="26" conditionals="8" coveredconditionals="8" methods="10" coveredmethods="10"/>
      <file name="messages.js" path="/Users/grerin/WebstormProjects/study/udemy/NodeJS/chat-app/src/utils/messages.js">
        <metrics statements="5" coveredstatements="5" conditionals="0" coveredconditionals="0" methods="2" coveredmethods="2"/>
        <line num="1" count="1" type="stmt"/>
        <line num="2" count="1" type="stmt"/>
        <line num="9" count="1" type="stmt"/>
        <line num="10" count="1" type="stmt"/>
        <line num="17" count="1" type="stmt"/>
      </file>
      <file name="users.js" path="/Users/grerin/WebstormProjects/study/udemy/NodeJS/chat-app/src/utils/users.js">
        <metrics statements="21" coveredstatements="21" conditionals="8" coveredconditionals="8" methods="8" coveredmethods="8"/>
        <line num="1" count="2" type="stmt"/>
        <line num="3" count="2" type="stmt"/>
        <line num="4" count="5" type="stmt"/>
        <line num="7" count="2" type="stmt"/>
        <line num="8" count="3" type="stmt"/>
        <line num="11" count="2" type="stmt"/>
        <line num="13" count="18" type="stmt"/>
        <line num="14" count="18" type="stmt"/>
        <line num="17" count="18" type="cond" truecount="4" falsecount="0"/>
        <line num="18" count="1" type="stmt"/>
        <line num="24" count="17" type="stmt"/>
        <line num="25" count="25" type="cond" truecount="2" falsecount="0"/>
        <line num="29" count="17" type="cond" truecount="2" falsecount="0"/>
        <line num="30" count="13" type="stmt"/>
        <line num="36" count="4" type="stmt"/>
        <line num="37" count="4" type="stmt"/>
        <line num="38" count="4" type="stmt"/>
        <line num="41" count="2" type="stmt"/>
        <line num="42" count="3" type="stmt"/>
        <line num="43" count="1" type="stmt"/>
        <line num="46" count="2" type="stmt"/>
      </file>
    </package>
    <package name="tests.fixtures">
      <metrics statements="3" coveredstatements="3" conditionals="0" coveredconditionals="0" methods="0" coveredmethods="0"/>
      <file name="db.js" path="/Users/grerin/WebstormProjects/study/udemy/NodeJS/chat-app/tests/fixtures/db.js">
        <metrics statements="3" coveredstatements="3" conditionals="0" coveredconditionals="0" methods="0" coveredmethods="0"/>
        <line num="1" count="2" type="stmt"/>
        <line num="18" count="2" type="stmt"/>
        <line num="24" count="2" type="stmt"/>
      </file>
    </package>
  </project>
</coverage>
