TN:
SF:src/utils/messages.js
FN:1,(anonymous_0)
FN:9,(anonymous_1)
FNF:2
FNH:2
FNDA:1,(anonymous_0)
FNDA:1,(anonymous_1)
DA:1,1
DA:2,1
DA:9,1
DA:10,1
DA:17,1
LF:5
LH:5
BRF:0
BRH:0
end_of_record
TN:
SF:src/utils/users.js
FN:3,(anonymous_0)
FN:4,(anonymous_1)
FN:7,(anonymous_2)
FN:8,(anonymous_3)
FN:11,(anonymous_4)
FN:24,(anonymous_5)
FN:41,(anonymous_6)
FN:42,(anonymous_7)
FNF:8
FNH:8
FNDA:4,(anonymous_0)
FNDA:5,(anonymous_1)
FNDA:1,(anonymous_2)
FNDA:3,(anonymous_3)
FNDA:18,(anonymous_4)
FNDA:25,(anonymous_5)
FNDA:1,(anonymous_6)
FNDA:3,(anonymous_7)
DA:1,2
DA:3,2
DA:4,5
DA:7,2
DA:8,3
DA:11,2
DA:13,18
DA:14,18
DA:17,18
DA:18,1
DA:24,17
DA:25,25
DA:29,17
DA:30,13
DA:36,4
DA:37,4
DA:38,4
DA:41,2
DA:42,3
DA:43,1
DA:46,2
LF:21
LH:21
BRDA:17,0,0,1
BRDA:17,0,1,17
BRDA:17,1,0,18
BRDA:17,1,1,17
BRDA:25,2,0,25
BRDA:25,2,1,17
BRDA:29,3,0,13
BRDA:29,3,1,4
BRF:8
BRH:8
end_of_record
TN:
SF:tests/fixtures/db.js
FNF:0
FNH:0
DA:1,2
DA:18,2
DA:24,2
LF:3
LH:3
BRF:0
BRH:0
end_of_record
